2025-06-29 05:37:33,473 - workflow - INFO - Starting script task_8 for client y4y71lncHaDql5ecAAAB
2025-06-29 05:37:33,473 - workflow - INFO - Starting workflow execution: task_8
2025-06-29 05:37:33,502 - workflow - INFO - Process started: task_8
2025-06-29 05:37:34,380 - workflow - INFO - 05:37 AM: ---单盘任务启动---
2025-06-29 05:37:34,404 - workflow - INFO - 05:37 AM: ---homing---
2025-06-29 05:37:34,405 - workflow - INFO - 05:37 AM: Starting home sequence
2025-06-29 05:38:04,759 - workflow - INFO - 05:38 AM: --Return to home sequence successful --
2025-06-29 05:38:04,762 - workflow - INFO - 05:38 AM: Starting decap and pipetting sequence
2025-06-29 05:38:04,760 - workflow - INFO - 05:38 AM: ---homing end---
2025-06-29 05:38:27,014 - workflow - INFO - 05:38 AM: 位置:SLOT(2-4): ,第 1 列 第 1 行 --完成开盖
2025-06-29 05:38:48,170 - workflow - INFO - 05:38 AM: 位置:SLOT(2-4): ,第 1 列 第 2 行 --完成开盖
2025-06-29 05:39:09,374 - workflow - INFO - 05:39 AM: 位置:SLOT(2-4): ,第 1 列 第 3 行 --完成开盖
2025-06-29 05:39:30,638 - workflow - INFO - 05:39 AM: 位置:SLOT(2-4): ,第 1 列 第 4 行 --完成开盖
2025-06-29 05:39:52,006 - workflow - INFO - 05:39 AM: 位置:SLOT(2-4): ,第 1 列 第 5 行 --完成开盖
2025-06-29 05:40:13,371 - workflow - INFO - 05:40 AM: 位置:SLOT(2-4): ,第 1 列 第 6 行 --完成开盖
2025-06-29 05:40:13,552 - workflow - INFO - Process paused
2025-06-29 05:40:20,609 - workflow - INFO - Process continued
2025-06-29 05:40:29,933 - workflow - INFO - Process stopped successfully
2025-06-29 05:40:29,944 - workflow - INFO - No active process to stop
2025-06-29 05:40:29,944 - workflow - INFO - Workflow completed: task_8
2025-06-29 07:57:11,372 - workflow - INFO - Starting script task_1 for client qTZQcoIVGVtvGJa0AAAJ
2025-06-29 07:57:11,372 - workflow - INFO - Starting workflow execution: task_1
2025-06-29 07:57:11,386 - workflow - INFO - Process started: task_1
2025-06-29 07:57:11,725 - workflow - INFO - 07:57 AM: Traceback (most recent call last):
2025-06-29 07:57:11,728 - workflow - INFO - 07:57 AM: File "/home/pi/printer_data/config/workflow/task_1.py", line 11, in <module>
2025-06-29 07:57:11,734 - workflow - INFO - 07:57 AM: from klipper_basic import Robot
2025-06-29 07:57:11,743 - workflow - INFO - 07:57 AM: ModuleNotFoundError: No module named 'klipper_basic'
2025-06-29 07:57:11,807 - workflow - INFO - Process stopped successfully
2025-06-29 07:57:11,807 - workflow - INFO - Workflow completed: task_1
2025-06-29 07:57:15,371 - workflow - INFO - Starting script task_1 for client qTZQcoIVGVtvGJa0AAAJ
2025-06-29 07:57:15,372 - workflow - INFO - Starting workflow execution: task_1
2025-06-29 07:57:15,403 - workflow - INFO - Process started: task_1
2025-06-29 07:57:15,626 - workflow - INFO - 07:57 AM: Traceback (most recent call last):
2025-06-29 07:57:15,629 - workflow - INFO - 07:57 AM: File "/home/pi/printer_data/config/workflow/task_1.py", line 11, in <module>
2025-06-29 07:57:15,634 - workflow - INFO - 07:57 AM: from klipper_basic import Robot
2025-06-29 07:57:15,641 - workflow - INFO - 07:57 AM: ModuleNotFoundError: No module named 'klipper_basic'
2025-06-29 07:57:15,707 - workflow - INFO - No active process to stop
2025-06-29 07:57:15,708 - workflow - INFO - Workflow completed: task_1
2025-06-29 07:58:34,702 - workflow - WARNING - Script already running, request from qTZQcoIVGVtvGJa0AAAJ
2025-06-29 07:58:53,125 - workflow - INFO - No active process to stop
2025-06-29 07:58:53,891 - workflow - WARNING - Emergency stop detected - Klippy state check failed
2025-06-29 07:58:53,907 - workflow - INFO - No active process to stop
2025-06-29 07:58:53,927 - workflow - WARNING - Emergency stop detected - Klippy state check failed
2025-06-29 07:58:53,936 - workflow - INFO - No active process to stop
2025-06-29 07:58:53,975 - workflow - INFO - No active process to stop
2025-06-29 07:58:53,977 - workflow - INFO - No active process to stop
2025-06-29 07:59:36,523 - workflow - WARNING - Script already running, request from qTZQcoIVGVtvGJa0AAAJ
2025-06-29 08:00:50,199 - workflow - WARNING - Script already running, request from yxul9bxF_hWyLBP9AAAL
2025-06-29 08:04:32,796 - workflow - INFO - Starting script task_1 for client VGM9ubs_c6AAnmv4AAAB
2025-06-29 08:04:32,796 - workflow - INFO - Starting workflow execution: task_1
2025-06-29 08:04:32,814 - workflow - INFO - Process started: task_1
2025-06-29 08:04:33,820 - workflow - INFO - 08:04 AM: ---单盘任务启动---
2025-06-29 08:04:33,835 - workflow - INFO - 08:04 AM: ---homing---
2025-06-29 08:04:33,836 - workflow - INFO - 08:04 AM: Starting home sequence
2025-06-29 08:05:02,180 - workflow - INFO - 08:05 AM: --Return to home sequence successful --
2025-06-29 08:05:02,182 - workflow - INFO - 08:05 AM: ---homing end---
2025-06-29 08:05:02,185 - workflow - INFO - 08:05 AM: Starting decap and pipetting sequence
2025-06-29 08:05:26,244 - workflow - INFO - 08:05 AM: 位置:SLOT(1-1): ,第 1 列 第 1 行 --完成开盖
2025-06-29 08:05:48,442 - workflow - INFO - 08:05 AM: 位置:SLOT(1-1): ,第 1 列 第 2 行 --完成开盖
2025-06-29 08:06:10,695 - workflow - INFO - 08:06 AM: 位置:SLOT(1-1): ,第 1 列 第 3 行 --完成开盖
2025-06-29 08:06:33,010 - workflow - INFO - 08:06 AM: 位置:SLOT(1-1): ,第 1 列 第 4 行 --完成开盖
2025-06-29 08:06:55,309 - workflow - INFO - 08:06 AM: 位置:SLOT(1-1): ,第 1 列 第 5 行 --完成开盖
2025-06-29 08:07:17,659 - workflow - INFO - 08:07 AM: 位置:SLOT(1-1): ,第 1 列 第 6 行 --完成开盖
2025-06-29 08:07:40,057 - workflow - INFO - 08:07 AM: 位置:SLOT(1-1): ,第 1 列 第 7 行 --完成开盖
2025-06-29 08:08:02,491 - workflow - INFO - 08:08 AM: 位置:SLOT(1-1): ,第 1 列 第 8 行 --完成开盖
2025-06-29 08:08:44,733 - workflow - INFO - 08:08 AM: 位置:SLOT(1-1): ,第 2 列 第 1 行 --完成开盖
2025-06-29 08:09:06,824 - workflow - INFO - 08:09 AM: 位置:SLOT(1-1): ,第 2 列 第 2 行 --完成开盖
2025-06-29 08:09:13,350 - workflow - INFO - Process stopped successfully
2025-06-29 08:09:13,352 - workflow - INFO - No active process to stop
2025-06-29 08:09:13,352 - workflow - INFO - Workflow completed: task_1
2025-06-29 08:16:50,701 - workflow - INFO - Starting script task_8 for client VGM9ubs_c6AAnmv4AAAB
2025-06-29 08:16:50,701 - workflow - INFO - Starting workflow execution: task_8
2025-06-29 08:16:50,738 - workflow - INFO - Process started: task_8
2025-06-29 08:16:52,113 - workflow - INFO - 08:16 AM: ---单盘任务启动---
2025-06-29 08:16:52,148 - workflow - INFO - 08:16 AM: ---homing---
2025-06-29 08:16:52,149 - workflow - INFO - 08:16 AM: Starting home sequence
2025-06-29 08:17:20,541 - workflow - INFO - 08:17 AM: --Return to home sequence successful --
2025-06-29 08:17:20,541 - workflow - INFO - 08:17 AM: ---homing end---
2025-06-29 08:17:20,544 - workflow - INFO - 08:17 AM: Starting decap and pipetting sequence
2025-06-29 08:17:42,763 - workflow - INFO - 08:17 AM: 位置:SLOT(2-4): ,第 1 列 第 1 行 --完成开盖
2025-06-29 08:18:03,917 - workflow - INFO - 08:18 AM: 位置:SLOT(2-4): ,第 1 列 第 2 行 --完成开盖
2025-06-29 08:18:25,122 - workflow - INFO - 08:18 AM: 位置:SLOT(2-4): ,第 1 列 第 3 行 --完成开盖
2025-06-29 08:18:46,427 - workflow - INFO - 08:18 AM: 位置:SLOT(2-4): ,第 1 列 第 4 行 --完成开盖
2025-06-29 08:19:07,777 - workflow - INFO - 08:19 AM: 位置:SLOT(2-4): ,第 1 列 第 5 行 --完成开盖
2025-06-29 08:19:29,157 - workflow - INFO - 08:19 AM: 位置:SLOT(2-4): ,第 1 列 第 6 行 --完成开盖
2025-06-29 08:19:50,624 - workflow - INFO - 08:19 AM: 位置:SLOT(2-4): ,第 1 列 第 7 行 --完成开盖
2025-06-29 08:20:12,151 - workflow - INFO - 08:20 AM: 位置:SLOT(2-4): ,第 1 列 第 8 行 --完成开盖
2025-06-29 08:20:55,028 - workflow - INFO - 08:20 AM: 位置:SLOT(2-4): ,第 2 列 第 1 行 --完成开盖
2025-06-29 08:21:16,121 - workflow - INFO - 08:21 AM: 位置:SLOT(2-4): ,第 2 列 第 2 行 --完成开盖
2025-06-29 08:21:37,278 - workflow - INFO - 08:21 AM: 位置:SLOT(2-4): ,第 2 列 第 3 行 --完成开盖
2025-06-29 08:21:58,503 - workflow - INFO - 08:21 AM: 位置:SLOT(2-4): ,第 2 列 第 4 行 --完成开盖
2025-06-29 08:22:19,835 - workflow - INFO - 08:22 AM: 位置:SLOT(2-4): ,第 2 列 第 5 行 --完成开盖
2025-06-29 08:22:41,218 - workflow - INFO - 08:22 AM: 位置:SLOT(2-4): ,第 2 列 第 6 行 --完成开盖
2025-06-29 08:23:02,626 - workflow - INFO - 08:23 AM: 位置:SLOT(2-4): ,第 2 列 第 7 行 --完成开盖
2025-06-29 08:23:24,100 - workflow - INFO - 08:23 AM: 位置:SLOT(2-4): ,第 2 列 第 8 行 --完成开盖
2025-06-29 08:24:06,921 - workflow - INFO - 08:24 AM: 位置:SLOT(2-4): ,第 3 列 第 1 行 --完成开盖
2025-06-29 08:24:28,008 - workflow - INFO - 08:24 AM: 位置:SLOT(2-4): ,第 3 列 第 2 行 --完成开盖
2025-06-29 08:24:49,134 - workflow - INFO - 08:24 AM: 位置:SLOT(2-4): ,第 3 列 第 3 行 --完成开盖
2025-06-29 08:25:10,317 - workflow - INFO - 08:25 AM: 位置:SLOT(2-4): ,第 3 列 第 4 行 --完成开盖
2025-06-29 08:25:31,578 - workflow - INFO - 08:25 AM: 位置:SLOT(2-4): ,第 3 列 第 5 行 --完成开盖
2025-06-29 08:25:52,906 - workflow - INFO - 08:25 AM: 位置:SLOT(2-4): ,第 3 列 第 6 行 --完成开盖
2025-06-29 08:26:14,331 - workflow - INFO - 08:26 AM: 位置:SLOT(2-4): ,第 3 列 第 7 行 --完成开盖
2025-06-29 08:26:35,798 - workflow - INFO - 08:26 AM: 位置:SLOT(2-4): ,第 3 列 第 8 行 --完成开盖
2025-06-29 08:27:18,648 - workflow - INFO - 08:27 AM: 位置:SLOT(2-4): ,第 4 列 第 1 行 --完成开盖
2025-06-29 08:27:39,678 - workflow - INFO - 08:27 AM: 位置:SLOT(2-4): ,第 4 列 第 2 行 --完成开盖
2025-06-29 08:28:00,809 - workflow - INFO - 08:28 AM: 位置:SLOT(2-4): ,第 4 列 第 3 行 --完成开盖
2025-06-29 08:28:21,994 - workflow - INFO - 08:28 AM: 位置:SLOT(2-4): ,第 4 列 第 4 行 --完成开盖
2025-06-29 08:28:43,236 - workflow - INFO - 08:28 AM: 位置:SLOT(2-4): ,第 4 列 第 5 行 --完成开盖
2025-06-29 08:29:04,529 - workflow - INFO - 08:29 AM: 位置:SLOT(2-4): ,第 4 列 第 6 行 --完成开盖
2025-06-29 08:29:25,928 - workflow - INFO - 08:29 AM: 位置:SLOT(2-4): ,第 4 列 第 7 行 --完成开盖
2025-06-29 08:29:47,360 - workflow - INFO - 08:29 AM: 位置:SLOT(2-4): ,第 4 列 第 8 行 --完成开盖
2025-06-29 08:30:30,247 - workflow - INFO - 08:30 AM: 位置:SLOT(2-4): ,第 5 列 第 1 行 --完成开盖
2025-06-29 08:30:51,225 - workflow - INFO - 08:30 AM: 位置:SLOT(2-4): ,第 5 列 第 2 行 --完成开盖
2025-06-29 08:31:12,279 - workflow - INFO - 08:31 AM: 位置:SLOT(2-4): ,第 5 列 第 3 行 --完成开盖
2025-06-29 08:31:16,944 - workflow - INFO - Process stopped successfully
2025-06-29 08:31:16,948 - workflow - INFO - No active process to stop
2025-06-29 08:31:16,948 - workflow - INFO - Workflow completed: task_8
2025-06-29 08:31:22,995 - workflow - INFO - Starting script task_1 for client VGM9ubs_c6AAnmv4AAAB
2025-06-29 08:31:22,995 - workflow - INFO - Starting workflow execution: task_1
2025-06-29 08:31:23,012 - workflow - INFO - Process started: task_1
2025-06-29 08:31:24,238 - workflow - INFO - 08:31 AM: ---单盘任务启动---
2025-06-29 08:31:24,255 - workflow - INFO - 08:31 AM: ---homing---
2025-06-29 08:31:24,256 - workflow - INFO - 08:31 AM: Starting home sequence
2025-06-29 08:32:09,529 - workflow - INFO - 08:32 AM: --Return to home sequence successful --
2025-06-29 08:32:09,530 - workflow - INFO - 08:32 AM: ---homing end---
2025-06-29 08:32:09,535 - workflow - INFO - 08:32 AM: Starting decap and pipetting sequence
2025-06-29 08:32:33,605 - workflow - INFO - 08:32 AM: 位置:SLOT(1-1): ,第 1 列 第 1 行 --完成开盖
2025-06-29 08:32:55,813 - workflow - INFO - 08:32 AM: 位置:SLOT(1-1): ,第 1 列 第 2 行 --完成开盖
2025-06-29 08:33:18,077 - workflow - INFO - 08:33 AM: 位置:SLOT(1-1): ,第 1 列 第 3 行 --完成开盖
2025-06-29 08:33:40,349 - workflow - INFO - 08:33 AM: 位置:SLOT(1-1): ,第 1 列 第 4 行 --完成开盖
2025-06-29 08:34:02,663 - workflow - INFO - 08:34 AM: 位置:SLOT(1-1): ,第 1 列 第 5 行 --完成开盖
2025-06-29 08:34:25,035 - workflow - INFO - 08:34 AM: 位置:SLOT(1-1): ,第 1 列 第 6 行 --完成开盖
2025-06-29 08:34:47,419 - workflow - INFO - 08:34 AM: 位置:SLOT(1-1): ,第 1 列 第 7 行 --完成开盖
2025-06-29 08:35:09,817 - workflow - INFO - 08:35 AM: 位置:SLOT(1-1): ,第 1 列 第 8 行 --完成开盖
2025-06-29 08:35:52,068 - workflow - INFO - 08:35 AM: 位置:SLOT(1-1): ,第 2 列 第 1 行 --完成开盖
2025-06-29 08:36:14,168 - workflow - INFO - 08:36 AM: 位置:SLOT(1-1): ,第 2 列 第 2 行 --完成开盖
2025-06-29 08:36:36,324 - workflow - INFO - 08:36 AM: 位置:SLOT(1-1): ,第 2 列 第 3 行 --完成开盖
2025-06-29 08:36:58,540 - workflow - INFO - 08:36 AM: 位置:SLOT(1-1): ,第 2 列 第 4 行 --完成开盖
2025-06-29 08:37:20,775 - workflow - INFO - 08:37 AM: 位置:SLOT(1-1): ,第 2 列 第 5 行 --完成开盖
2025-06-29 08:37:43,036 - workflow - INFO - 08:37 AM: 位置:SLOT(1-1): ,第 2 列 第 6 行 --完成开盖
2025-06-29 08:38:05,356 - workflow - INFO - 08:38 AM: 位置:SLOT(1-1): ,第 2 列 第 7 行 --完成开盖
2025-06-29 08:38:27,657 - workflow - INFO - 08:38 AM: 位置:SLOT(1-1): ,第 2 列 第 8 行 --完成开盖
2025-06-29 08:39:09,780 - workflow - INFO - 08:39 AM: 位置:SLOT(1-1): ,第 3 列 第 1 行 --完成开盖
2025-06-29 08:39:31,800 - workflow - INFO - 08:39 AM: 位置:SLOT(1-1): ,第 3 列 第 2 行 --完成开盖
2025-06-29 08:39:53,867 - workflow - INFO - 08:39 AM: 位置:SLOT(1-1): ,第 3 列 第 3 行 --完成开盖
2025-06-29 08:40:15,995 - workflow - INFO - 08:40 AM: 位置:SLOT(1-1): ,第 3 列 第 4 行 --完成开盖
2025-06-29 08:40:38,141 - workflow - INFO - 08:40 AM: 位置:SLOT(1-1): ,第 3 列 第 5 行 --完成开盖
2025-06-29 08:41:00,342 - workflow - INFO - 08:41 AM: 位置:SLOT(1-1): ,第 3 列 第 6 行 --完成开盖
2025-06-29 08:41:22,561 - workflow - INFO - 08:41 AM: 位置:SLOT(1-1): ,第 3 列 第 7 行 --完成开盖
2025-06-29 08:41:44,822 - workflow - INFO - 08:41 AM: 位置:SLOT(1-1): ,第 3 列 第 8 行 --完成开盖
2025-06-29 08:42:26,795 - workflow - INFO - 08:42 AM: 位置:SLOT(1-1): ,第 4 列 第 1 行 --完成开盖
2025-06-29 08:42:48,755 - workflow - INFO - 08:42 AM: 位置:SLOT(1-1): ,第 4 列 第 2 行 --完成开盖
2025-06-29 08:43:10,770 - workflow - INFO - 08:43 AM: 位置:SLOT(1-1): ,第 4 列 第 3 行 --完成开盖
2025-06-29 08:43:32,860 - workflow - INFO - 08:43 AM: 位置:SLOT(1-1): ,第 4 列 第 4 行 --完成开盖
2025-06-29 08:43:54,992 - workflow - INFO - 08:43 AM: 位置:SLOT(1-1): ,第 4 列 第 5 行 --完成开盖
2025-06-29 08:44:17,156 - workflow - INFO - 08:44 AM: 位置:SLOT(1-1): ,第 4 列 第 6 行 --完成开盖
2025-06-29 08:44:39,322 - workflow - INFO - 08:44 AM: 位置:SLOT(1-1): ,第 4 列 第 7 行 --完成开盖
2025-06-29 08:45:01,531 - workflow - INFO - 08:45 AM: 位置:SLOT(1-1): ,第 4 列 第 8 行 --完成开盖
2025-06-29 08:45:43,450 - workflow - INFO - 08:45 AM: 位置:SLOT(1-1): ,第 5 列 第 1 行 --完成开盖
2025-06-29 08:46:05,318 - workflow - INFO - 08:46 AM: 位置:SLOT(1-1): ,第 5 列 第 2 行 --完成开盖
2025-06-29 08:46:27,273 - workflow - INFO - 08:46 AM: 位置:SLOT(1-1): ,第 5 列 第 3 行 --完成开盖
2025-06-29 08:46:49,268 - workflow - INFO - 08:46 AM: 位置:SLOT(1-1): ,第 5 列 第 4 行 --完成开盖
2025-06-29 08:47:11,284 - workflow - INFO - 08:47 AM: 位置:SLOT(1-1): ,第 5 列 第 5 行 --完成开盖
2025-06-29 08:47:33,310 - workflow - INFO - 08:47 AM: 位置:SLOT(1-1): ,第 5 列 第 6 行 --完成开盖
2025-06-29 08:47:55,373 - workflow - INFO - 08:47 AM: 位置:SLOT(1-1): ,第 5 列 第 7 行 --完成开盖
2025-06-29 08:48:17,480 - workflow - INFO - 08:48 AM: 位置:SLOT(1-1): ,第 5 列 第 8 行 --完成开盖
2025-06-29 08:48:59,372 - workflow - INFO - 08:48 AM: 位置:SLOT(1-1): ,第 6 列 第 1 行 --完成开盖
2025-06-29 08:49:21,165 - workflow - INFO - 08:49 AM: 位置:SLOT(1-1): ,第 6 列 第 2 行 --完成开盖
2025-06-29 08:49:43,036 - workflow - INFO - 08:49 AM: 位置:SLOT(1-1): ,第 6 列 第 3 行 --完成开盖
2025-06-29 08:50:04,937 - workflow - INFO - 08:50 AM: 位置:SLOT(1-1): ,第 6 列 第 4 行 --完成开盖
2025-06-29 08:50:26,868 - workflow - INFO - 08:50 AM: 位置:SLOT(1-1): ,第 6 列 第 5 行 --完成开盖
2025-06-29 08:50:48,849 - workflow - INFO - 08:50 AM: 位置:SLOT(1-1): ,第 6 列 第 6 行 --完成开盖
2025-06-29 08:51:10,886 - workflow - INFO - 08:51 AM: 位置:SLOT(1-1): ,第 6 列 第 7 行 --完成开盖
2025-06-29 08:51:32,951 - workflow - INFO - 08:51 AM: 位置:SLOT(1-1): ,第 6 列 第 8 行 --完成开盖
2025-06-29 08:51:53,043 - workflow - INFO - 08:51 AM: Decap and pipetting sequence completed
2025-06-29 08:51:53,044 - workflow - INFO - 08:51 AM: Starting decap and pipetting sequence
2025-06-29 08:52:14,757 - workflow - INFO - 08:52 AM: 位置:SLOT(1-2): ,第 1 列 第 1 行 --完成开盖
2025-06-29 08:52:36,380 - workflow - INFO - 08:52 AM: 位置:SLOT(1-2): ,第 1 列 第 2 行 --完成开盖
2025-06-29 08:52:58,091 - workflow - INFO - 08:52 AM: 位置:SLOT(1-2): ,第 1 列 第 3 行 --完成开盖
2025-06-29 08:53:19,876 - workflow - INFO - 08:53 AM: 位置:SLOT(1-2): ,第 1 列 第 4 行 --完成开盖
2025-06-29 08:53:41,656 - workflow - INFO - 08:53 AM: 位置:SLOT(1-2): ,第 1 列 第 5 行 --完成开盖
2025-06-29 08:54:03,463 - workflow - INFO - 08:54 AM: 位置:SLOT(1-2): ,第 1 列 第 6 行 --完成开盖
2025-06-29 08:54:25,295 - workflow - INFO - 08:54 AM: 位置:SLOT(1-2): ,第 1 列 第 7 行 --完成开盖
2025-06-29 08:54:47,142 - workflow - INFO - 08:54 AM: 位置:SLOT(1-2): ,第 1 列 第 8 行 --完成开盖
2025-06-29 08:55:29,065 - workflow - INFO - 08:55 AM: 位置:SLOT(1-2): ,第 2 列 第 1 行 --完成开盖
2025-06-29 08:55:50,623 - workflow - INFO - 08:55 AM: 位置:SLOT(1-2): ,第 2 列 第 2 行 --完成开盖
2025-06-29 08:56:12,243 - workflow - INFO - 08:56 AM: 位置:SLOT(1-2): ,第 2 列 第 3 行 --完成开盖
2025-06-29 08:56:33,897 - workflow - INFO - 08:56 AM: 位置:SLOT(1-2): ,第 2 列 第 4 行 --完成开盖
2025-06-29 08:56:55,590 - workflow - INFO - 08:56 AM: 位置:SLOT(1-2): ,第 2 列 第 5 行 --完成开盖
2025-06-29 08:57:17,327 - workflow - INFO - 08:57 AM: 位置:SLOT(1-2): ,第 2 列 第 6 行 --完成开盖
2025-06-29 08:57:39,138 - workflow - INFO - 08:57 AM: 位置:SLOT(1-2): ,第 2 列 第 7 行 --完成开盖
2025-06-29 08:58:00,961 - workflow - INFO - 08:58 AM: 位置:SLOT(1-2): ,第 2 列 第 8 行 --完成开盖
2025-06-29 08:58:42,855 - workflow - INFO - 08:58 AM: 位置:SLOT(1-2): ,第 3 列 第 1 行 --完成开盖
2025-06-29 08:59:04,342 - workflow - INFO - 08:59 AM: 位置:SLOT(1-2): ,第 3 列 第 2 行 --完成开盖
2025-06-29 08:59:25,892 - workflow - INFO - 08:59 AM: 位置:SLOT(1-2): ,第 3 列 第 3 行 --完成开盖
2025-06-29 08:59:47,529 - workflow - INFO - 08:59 AM: 位置:SLOT(1-2): ,第 3 列 第 4 行 --完成开盖
2025-06-29 09:00:09,174 - workflow - INFO - 09:00 AM: 位置:SLOT(1-2): ,第 3 列 第 5 行 --完成开盖
2025-06-29 09:00:30,813 - workflow - INFO - 09:00 AM: 位置:SLOT(1-2): ,第 3 列 第 6 行 --完成开盖
2025-06-29 09:00:52,503 - workflow - INFO - 09:00 AM: 位置:SLOT(1-2): ,第 3 列 第 7 行 --完成开盖
2025-06-29 09:01:14,233 - workflow - INFO - 09:01 AM: 位置:SLOT(1-2): ,第 3 列 第 8 行 --完成开盖
2025-06-29 09:01:56,217 - workflow - INFO - 09:01 AM: 位置:SLOT(1-2): ,第 4 列 第 1 行 --完成开盖
2025-06-29 09:02:17,636 - workflow - INFO - 09:02 AM: 位置:SLOT(1-2): ,第 4 列 第 2 行 --完成开盖
2025-06-29 09:02:39,082 - workflow - INFO - 09:02 AM: 位置:SLOT(1-2): ,第 4 列 第 3 行 --完成开盖
2025-06-29 09:03:00,582 - workflow - INFO - 09:03 AM: 位置:SLOT(1-2): ,第 4 列 第 4 行 --完成开盖
2025-06-29 09:03:22,152 - workflow - INFO - 09:03 AM: 位置:SLOT(1-2): ,第 4 列 第 5 行 --完成开盖
2025-06-29 09:03:43,741 - workflow - INFO - 09:03 AM: 位置:SLOT(1-2): ,第 4 列 第 6 行 --完成开盖
2025-06-29 09:04:05,357 - workflow - INFO - 09:04 AM: 位置:SLOT(1-2): ,第 4 列 第 7 行 --完成开盖
2025-06-29 09:04:27,042 - workflow - INFO - 09:04 AM: 位置:SLOT(1-2): ,第 4 列 第 8 行 --完成开盖
2025-06-29 09:05:08,970 - workflow - INFO - 09:05 AM: 位置:SLOT(1-2): ,第 5 列 第 1 行 --完成开盖
2025-06-29 09:05:30,321 - workflow - INFO - 09:05 AM: 位置:SLOT(1-2): ,第 5 列 第 2 行 --完成开盖
2025-06-29 09:05:51,768 - workflow - INFO - 09:05 AM: 位置:SLOT(1-2): ,第 5 列 第 3 行 --完成开盖
2025-06-29 09:06:13,213 - workflow - INFO - 09:06 AM: 位置:SLOT(1-2): ,第 5 列 第 4 行 --完成开盖
2025-06-29 09:06:34,680 - workflow - INFO - 09:06 AM: 位置:SLOT(1-2): ,第 5 列 第 5 行 --完成开盖
2025-06-29 09:06:56,198 - workflow - INFO - 09:06 AM: 位置:SLOT(1-2): ,第 5 列 第 6 行 --完成开盖
2025-06-29 09:07:17,731 - workflow - INFO - 09:07 AM: 位置:SLOT(1-2): ,第 5 列 第 7 行 --完成开盖
2025-06-29 09:07:39,315 - workflow - INFO - 09:07 AM: 位置:SLOT(1-2): ,第 5 列 第 8 行 --完成开盖
2025-06-29 09:08:21,243 - workflow - INFO - 09:08 AM: 位置:SLOT(1-2): ,第 6 列 第 1 行 --完成开盖
2025-06-29 09:08:42,532 - workflow - INFO - 09:08 AM: 位置:SLOT(1-2): ,第 6 列 第 2 行 --完成开盖
2025-06-29 09:09:03,894 - workflow - INFO - 09:09 AM: 位置:SLOT(1-2): ,第 6 列 第 3 行 --完成开盖
2025-06-29 09:09:25,322 - workflow - INFO - 09:09 AM: 位置:SLOT(1-2): ,第 6 列 第 4 行 --完成开盖
2025-06-29 09:09:46,738 - workflow - INFO - 09:09 AM: 位置:SLOT(1-2): ,第 6 列 第 5 行 --完成开盖
2025-06-29 09:10:08,177 - workflow - INFO - 09:10 AM: 位置:SLOT(1-2): ,第 6 列 第 6 行 --完成开盖
2025-06-29 09:10:29,646 - workflow - INFO - 09:10 AM: 位置:SLOT(1-2): ,第 6 列 第 7 行 --完成开盖
2025-06-29 09:10:51,178 - workflow - INFO - 09:10 AM: 位置:SLOT(1-2): ,第 6 列 第 8 行 --完成开盖
2025-06-29 09:11:11,516 - workflow - INFO - 09:11 AM: Decap and pipetting sequence completed
2025-06-29 09:11:11,518 - workflow - INFO - 09:11 AM: Starting decap and pipetting sequence
2025-06-29 09:11:33,180 - workflow - INFO - 09:11 AM: 位置:SLOT(1-3): ,第 1 列 第 1 行 --完成开盖
2025-06-29 09:11:54,333 - workflow - INFO - 09:11 AM: 位置:SLOT(1-3): ,第 1 列 第 2 行 --完成开盖
2025-06-29 09:12:15,552 - workflow - INFO - 09:12 AM: 位置:SLOT(1-3): ,第 1 列 第 3 行 --完成开盖
2025-06-29 09:12:36,799 - workflow - INFO - 09:12 AM: 位置:SLOT(1-3): ,第 1 列 第 4 行 --完成开盖
2025-06-29 09:12:58,121 - workflow - INFO - 09:12 AM: 位置:SLOT(1-3): ,第 1 列 第 5 行 --完成开盖
2025-06-29 09:13:19,472 - workflow - INFO - 09:13 AM: 位置:SLOT(1-3): ,第 1 列 第 6 行 --完成开盖
2025-06-29 09:13:40,849 - workflow - INFO - 09:13 AM: 位置:SLOT(1-3): ,第 1 列 第 7 行 --完成开盖
2025-06-29 09:14:02,228 - workflow - INFO - 09:14 AM: 位置:SLOT(1-3): ,第 1 列 第 8 行 --完成开盖
2025-06-29 09:14:44,284 - workflow - INFO - 09:14 AM: 位置:SLOT(1-3): ,第 2 列 第 1 行 --完成开盖
2025-06-29 09:15:05,405 - workflow - INFO - 09:15 AM: 位置:SLOT(1-3): ,第 2 列 第 2 行 --完成开盖
2025-06-29 09:15:26,561 - workflow - INFO - 09:15 AM: 位置:SLOT(1-3): ,第 2 列 第 3 行 --完成开盖
2025-06-29 09:15:47,761 - workflow - INFO - 09:15 AM: 位置:SLOT(1-3): ,第 2 列 第 4 行 --完成开盖
2025-06-29 09:16:08,999 - workflow - INFO - 09:16 AM: 位置:SLOT(1-3): ,第 2 列 第 5 行 --完成开盖
2025-06-29 09:16:30,311 - workflow - INFO - 09:16 AM: 位置:SLOT(1-3): ,第 2 列 第 6 行 --完成开盖
2025-06-29 09:16:51,637 - workflow - INFO - 09:16 AM: 位置:SLOT(1-3): ,第 2 列 第 7 行 --完成开盖
2025-06-29 09:17:12,996 - workflow - INFO - 09:17 AM: 位置:SLOT(1-3): ,第 2 列 第 8 行 --完成开盖
2025-06-29 09:17:55,029 - workflow - INFO - 09:17 AM: 位置:SLOT(1-3): ,第 3 列 第 1 行 --完成开盖
2025-06-29 09:18:16,098 - workflow - INFO - 09:18 AM: 位置:SLOT(1-3): ,第 3 列 第 2 行 --完成开盖
2025-06-29 09:18:37,232 - workflow - INFO - 09:18 AM: 位置:SLOT(1-3): ,第 3 列 第 3 行 --完成开盖
2025-06-29 09:18:58,367 - workflow - INFO - 09:18 AM: 位置:SLOT(1-3): ,第 3 列 第 4 行 --完成开盖
2025-06-29 09:19:19,537 - workflow - INFO - 09:19 AM: 位置:SLOT(1-3): ,第 3 列 第 5 行 --完成开盖
2025-06-29 09:19:40,732 - workflow - INFO - 09:19 AM: 位置:SLOT(1-3): ,第 3 列 第 6 行 --完成开盖
2025-06-29 09:20:02,041 - workflow - INFO - 09:20 AM: 位置:SLOT(1-3): ,第 3 列 第 7 行 --完成开盖
2025-06-29 09:20:23,350 - workflow - INFO - 09:20 AM: 位置:SLOT(1-3): ,第 3 列 第 8 行 --完成开盖
2025-06-29 09:21:05,408 - workflow - INFO - 09:21 AM: 位置:SLOT(1-3): ,第 4 列 第 1 行 --完成开盖
2025-06-29 09:21:26,400 - workflow - INFO - 09:21 AM: 位置:SLOT(1-3): ,第 4 列 第 2 行 --完成开盖
2025-06-29 09:21:47,458 - workflow - INFO - 09:21 AM: 位置:SLOT(1-3): ,第 4 列 第 3 行 --完成开盖
2025-06-29 09:22:08,557 - workflow - INFO - 09:22 AM: 位置:SLOT(1-3): ,第 4 列 第 4 行 --完成开盖
2025-06-29 09:22:29,649 - workflow - INFO - 09:22 AM: 位置:SLOT(1-3): ,第 4 列 第 5 行 --完成开盖
